2024-Mar-02 00:11:48 [SpringContextShutdownHook] INFO  o.s.s.c.ThreadPoolTaskExecutor                     - Shutting down ExecutorService 'applicationTaskExecutor'
2024-Mar-02 00:11:48 [SpringContextShutdownHook] INFO  o.s.o.j.LocalContainerEntityManagerFactoryBean     - Closing JPA EntityManagerFactory for persistence unit 'default'
2024-Mar-02 00:11:48 [SpringContextShutdownHook] INFO  c.z.h.HikariDataSource                             - HikariPool-1 - Shutdown initiated...
2024-Mar-02 00:11:48 [SpringContextShutdownHook] INFO  c.z.h.HikariDataSource                             - HikariPool-1 - Shutdown completed.
2024-Mar-02 00:12:05 [background-preinit] INFO  o.h.v.i.u.Version                                  - HV000001: Hibernate Validator 6.0.13.Final
2024-Mar-02 00:12:05 [main] INFO  c.s.p.GgestionFormulaireApplication                - Starting GgestionFormulaireApplication using Java 11.0.22 on rado-VirtualBox with PID 10187 (/home/rado/Desktop/PROJET-GESTION-FORMULAIRE/gestion_formulaire_backend/target/classes started by rado in /home/rado/Desktop/PROJET-GESTION-FORMULAIRE/gestion_formulaire_backend)
2024-Mar-02 00:12:05 [main] INFO  c.s.p.GgestionFormulaireApplication                - No active profile set, falling back to default profiles: default
2024-Mar-02 00:12:07 [main] INFO  o.s.d.r.c.RepositoryConfigurationDelegate          - Bootstrapping Spring Data JPA repositories in DEFAULT mode.
2024-Mar-02 00:12:07 [main] INFO  o.s.d.r.c.RepositoryConfigurationDelegate          - Finished Spring Data repository scanning in 232 ms. Found 8 JPA repository interfaces.
2024-Mar-02 00:12:07 [main] INFO  o.s.c.s.PostProcessorRegistrationDelegate$BeanPostProcessorChecker - Bean 'org.springframework.ws.config.annotation.DelegatingWsConfiguration' of type [org.springframework.ws.config.annotation.DelegatingWsConfiguration$$EnhancerBySpringCGLIB$$42d10f0f] is not eligible for getting processed by all BeanPostProcessors (for example: not eligible for auto-proxying)
2024-Mar-02 00:12:07 [main] INFO  o.s.w.s.a.s.AnnotationActionEndpointMapping        - Supporting [WS-Addressing August 2004, WS-Addressing 1.0]
2024-Mar-02 00:12:07 [main] INFO  o.s.c.s.PostProcessorRegistrationDelegate$BeanPostProcessorChecker - Bean 'org.springframework.security.access.expression.method.DefaultMethodSecurityExpressionHandler@236c098' of type [org.springframework.security.oauth2.provider.expression.OAuth2MethodSecurityExpressionHandler] is not eligible for getting processed by all BeanPostProcessors (for example: not eligible for auto-proxying)
2024-Mar-02 00:12:07 [main] INFO  o.s.c.s.PostProcessorRegistrationDelegate$BeanPostProcessorChecker - Bean 'methodSecurityMetadataSource' of type [org.springframework.security.access.method.DelegatingMethodSecurityMetadataSource] is not eligible for getting processed by all BeanPostProcessors (for example: not eligible for auto-proxying)
2024-Mar-02 00:12:08 [main] INFO  o.s.b.w.e.t.TomcatWebServer                        - Tomcat initialized with port(s): 8080 (http)
2024-Mar-02 00:12:08 [main] INFO  o.a.c.h.Http11NioProtocol                          - Initializing ProtocolHandler ["http-nio-8080"]
2024-Mar-02 00:12:08 [main] INFO  o.a.c.c.StandardService                            - Starting service [Tomcat]
2024-Mar-02 00:12:08 [main] INFO  o.a.c.c.StandardEngine                             - Starting Servlet engine: [Apache Tomcat/9.0.44]
2024-Mar-02 00:12:08 [main] INFO  o.a.c.c.C.[.[.[/]                                  - Initializing Spring embedded WebApplicationContext
2024-Mar-02 00:12:08 [main] INFO  o.s.b.w.s.c.ServletWebServerApplicationContext     - Root WebApplicationContext: initialization completed in 2549 ms
2024-Mar-02 00:12:08 [main] INFO  c.z.h.HikariDataSource                             - HikariPool-1 - Starting...
2024-Mar-02 00:12:08 [main] INFO  c.z.h.HikariDataSource                             - HikariPool-1 - Start completed.
2024-Mar-02 00:12:13 [main] INFO  l.l.StandardLockService                            - Successfully acquired change log lock
2024-Mar-02 00:12:13 [main] INFO  l.c.StandardChangeLogHistoryService                - Reading from public.databasechangelog
2024-Mar-02 00:12:13 [main] INFO  l.l.StandardLockService                            - Successfully released change log lock
2024-Mar-02 00:12:13 [main] INFO  o.h.j.i.u.LogHelper                                - HHH000204: Processing PersistenceUnitInfo [name: default]
2024-Mar-02 00:12:14 [main] INFO  o.h.Version                                        - HHH000412: Hibernate ORM core version 5.4.29.Final
2024-Mar-02 00:12:14 [main] INFO  o.h.a.c.Version                                    - HCANN000001: Hibernate Commons Annotations {5.1.2.Final}
2024-Mar-02 00:12:14 [main] INFO  o.h.d.Dialect                                      - HHH000400: Using dialect: org.hibernate.dialect.PostgreSQL92Dialect
2024-Mar-02 00:12:15 [main] INFO  o.h.e.t.j.p.i.JtaPlatformInitiator                 - HHH000490: Using JtaPlatform implementation: [org.hibernate.engine.transaction.jta.platform.internal.NoJtaPlatform]
2024-Mar-02 00:12:15 [main] INFO  o.s.o.j.LocalContainerEntityManagerFactoryBean     - Initialized JPA EntityManagerFactory for persistence unit 'default'
2024-Mar-02 00:12:16 [main] WARN  o.s.b.a.o.j.JpaBaseConfiguration$JpaWebConfiguration - spring.jpa.open-in-view is enabled by default. Therefore, database queries may be performed during view rendering. Explicitly configure spring.jpa.open-in-view to disable this warning
2024-Mar-02 00:12:16 [main] INFO  o.s.s.c.ThreadPoolTaskExecutor                     - Initializing ExecutorService 'applicationTaskExecutor'
2024-Mar-02 00:12:17 [main] INFO  o.s.b.a.s.s.UserDetailsServiceAutoConfiguration    - 

Using generated security password: 9d81603f-7128-4e0a-8d40-d32dacaba98c

2024-Mar-02 00:12:17 [main] INFO  o.s.s.w.DefaultSecurityFilterChain                 - Will secure RequestHeaderRequestMatcher [expectedHeaderName=Authorization, expectedHeaderValue=null] with [org.springframework.security.web.context.request.async.WebAsyncManagerIntegrationFilter@783a76d8, org.springframework.security.web.context.SecurityContextPersistenceFilter@1c49ae29, org.springframework.security.web.header.HeaderWriterFilter@708a0150, org.springframework.security.web.authentication.logout.LogoutFilter@1ebe17c9, org.springframework.security.oauth2.provider.authentication.OAuth2AuthenticationProcessingFilter@2706cee5, org.springframework.security.web.savedrequest.RequestCacheAwareFilter@646599c6, org.springframework.security.web.servletapi.SecurityContextHolderAwareRequestFilter@73515663, org.springframework.security.web.authentication.AnonymousAuthenticationFilter@a0d555f, org.springframework.security.web.session.SessionManagementFilter@195b4f4f, org.springframework.security.web.access.ExceptionTranslationFilter@37ca8b4c, org.springframework.security.web.access.intercept.FilterSecurityInterceptor@115cbd9b]
2024-Mar-02 00:12:17 [main] INFO  o.s.s.w.DefaultSecurityFilterChain                 - Will secure Ant [pattern='/**'] with [org.springframework.security.web.context.request.async.WebAsyncManagerIntegrationFilter@280cc940, org.springframework.security.web.context.SecurityContextPersistenceFilter@595be089, org.springframework.security.web.header.HeaderWriterFilter@6f3059ad, org.springframework.security.web.csrf.CsrfFilter@6145be92, org.springframework.security.web.authentication.logout.LogoutFilter@4a094674, org.springframework.security.oauth2.client.filter.OAuth2ClientAuthenticationProcessingFilter@6a478680, org.springframework.security.web.savedrequest.RequestCacheAwareFilter@5c4b230c, org.springframework.security.web.servletapi.SecurityContextHolderAwareRequestFilter@31dbe419, org.springframework.security.web.authentication.AnonymousAuthenticationFilter@7eecb648, org.springframework.security.web.session.SessionManagementFilter@7c5024c1, org.springframework.security.web.access.ExceptionTranslationFilter@773e4573, org.springframework.security.web.access.intercept.FilterSecurityInterceptor@682f9202]
2024-Mar-02 00:12:17 [main] INFO  o.a.c.h.Http11NioProtocol                          - Starting ProtocolHandler ["http-nio-8080"]
2024-Mar-02 00:12:17 [main] INFO  o.s.b.w.e.t.TomcatWebServer                        - Tomcat started on port(s): 8080 (http) with context path ''
2024-Mar-02 00:12:17 [main] INFO  c.s.p.GgestionFormulaireApplication                - Started GgestionFormulaireApplication in 13.314 seconds (JVM running for 15.339)
2024-Mar-02 00:12:22 [http-nio-8080-exec-1] INFO  o.a.c.c.C.[.[.[/]                                  - Initializing Spring DispatcherServlet 'dispatcherServlet'
2024-Mar-02 00:12:22 [http-nio-8080-exec-1] INFO  o.s.w.s.DispatcherServlet                          - Initializing Servlet 'dispatcherServlet'
2024-Mar-02 00:12:22 [http-nio-8080-exec-1] DEBUG o.s.w.s.DispatcherServlet                          - Detected StandardServletMultipartResolver
2024-Mar-02 00:12:22 [http-nio-8080-exec-1] DEBUG o.s.w.s.DispatcherServlet                          - Detected AcceptHeaderLocaleResolver
2024-Mar-02 00:12:22 [http-nio-8080-exec-1] DEBUG o.s.w.s.DispatcherServlet                          - Detected FixedThemeResolver
2024-Mar-02 00:12:22 [http-nio-8080-exec-1] DEBUG o.s.w.s.DispatcherServlet                          - Detected org.springframework.web.servlet.view.DefaultRequestToViewNameTranslator@761eaf72
2024-Mar-02 00:12:22 [http-nio-8080-exec-1] DEBUG o.s.w.s.DispatcherServlet                          - Detected org.springframework.web.servlet.support.SessionFlashMapManager@64cef807
2024-Mar-02 00:12:22 [http-nio-8080-exec-1] DEBUG o.s.w.s.DispatcherServlet                          - enableLoggingRequestDetails='false': request parameters and headers will be masked to prevent unsafe logging of potentially sensitive data
2024-Mar-02 00:12:22 [http-nio-8080-exec-1] INFO  o.s.w.s.DispatcherServlet                          - Completed initialization in 8 ms
2024-Mar-02 00:21:58 [SpringContextShutdownHook] INFO  o.s.s.c.ThreadPoolTaskExecutor                     - Shutting down ExecutorService 'applicationTaskExecutor'
2024-Mar-02 00:21:58 [SpringContextShutdownHook] INFO  o.s.o.j.LocalContainerEntityManagerFactoryBean     - Closing JPA EntityManagerFactory for persistence unit 'default'
2024-Mar-02 00:21:58 [SpringContextShutdownHook] INFO  c.z.h.HikariDataSource                             - HikariPool-1 - Shutdown initiated...
2024-Mar-02 00:21:58 [SpringContextShutdownHook] INFO  c.z.h.HikariDataSource                             - HikariPool-1 - Shutdown completed.
2024-Mar-02 00:22:08 [background-preinit] INFO  o.h.v.i.u.Version                                  - HV000001: Hibernate Validator 6.0.13.Final
2024-Mar-02 00:22:08 [main] INFO  c.s.p.GgestionFormulaireApplication                - Starting GgestionFormulaireApplication using Java 11.0.22 on rado-VirtualBox with PID 10868 (/home/rado/Desktop/PROJET-GESTION-FORMULAIRE/gestion_formulaire_backend/target/classes started by rado in /home/rado/Desktop/PROJET-GESTION-FORMULAIRE/gestion_formulaire_backend)
2024-Mar-02 00:22:08 [main] INFO  c.s.p.GgestionFormulaireApplication                - No active profile set, falling back to default profiles: default
2024-Mar-02 00:22:10 [main] INFO  o.s.d.r.c.RepositoryConfigurationDelegate          - Bootstrapping Spring Data JPA repositories in DEFAULT mode.
2024-Mar-02 00:22:10 [main] INFO  o.s.d.r.c.RepositoryConfigurationDelegate          - Finished Spring Data repository scanning in 328 ms. Found 8 JPA repository interfaces.
2024-Mar-02 00:22:11 [main] INFO  o.s.c.s.PostProcessorRegistrationDelegate$BeanPostProcessorChecker - Bean 'org.springframework.ws.config.annotation.DelegatingWsConfiguration' of type [org.springframework.ws.config.annotation.DelegatingWsConfiguration$$EnhancerBySpringCGLIB$$8ef24b90] is not eligible for getting processed by all BeanPostProcessors (for example: not eligible for auto-proxying)
2024-Mar-02 00:22:11 [main] INFO  o.s.w.s.a.s.AnnotationActionEndpointMapping        - Supporting [WS-Addressing August 2004, WS-Addressing 1.0]
2024-Mar-02 00:22:11 [main] INFO  o.s.c.s.PostProcessorRegistrationDelegate$BeanPostProcessorChecker - Bean 'org.springframework.security.access.expression.method.DefaultMethodSecurityExpressionHandler@3a788fe0' of type [org.springframework.security.oauth2.provider.expression.OAuth2MethodSecurityExpressionHandler] is not eligible for getting processed by all BeanPostProcessors (for example: not eligible for auto-proxying)
2024-Mar-02 00:22:11 [main] INFO  o.s.c.s.PostProcessorRegistrationDelegate$BeanPostProcessorChecker - Bean 'methodSecurityMetadataSource' of type [org.springframework.security.access.method.DelegatingMethodSecurityMetadataSource] is not eligible for getting processed by all BeanPostProcessors (for example: not eligible for auto-proxying)
2024-Mar-02 00:22:11 [main] INFO  o.s.b.w.e.t.TomcatWebServer                        - Tomcat initialized with port(s): 8080 (http)
2024-Mar-02 00:22:11 [main] INFO  o.a.c.h.Http11NioProtocol                          - Initializing ProtocolHandler ["http-nio-8080"]
2024-Mar-02 00:22:11 [main] INFO  o.a.c.c.StandardService                            - Starting service [Tomcat]
2024-Mar-02 00:22:11 [main] INFO  o.a.c.c.StandardEngine                             - Starting Servlet engine: [Apache Tomcat/9.0.44]
2024-Mar-02 00:22:11 [main] INFO  o.a.c.c.C.[.[.[/]                                  - Initializing Spring embedded WebApplicationContext
2024-Mar-02 00:22:11 [main] INFO  o.s.b.w.s.c.ServletWebServerApplicationContext     - Root WebApplicationContext: initialization completed in 3031 ms
2024-Mar-02 00:22:12 [main] INFO  c.z.h.HikariDataSource                             - HikariPool-1 - Starting...
2024-Mar-02 00:22:12 [main] INFO  c.z.h.HikariDataSource                             - HikariPool-1 - Start completed.
2024-Mar-02 00:22:16 [main] INFO  l.l.StandardLockService                            - Successfully acquired change log lock
2024-Mar-02 00:22:17 [main] INFO  l.c.StandardChangeLogHistoryService                - Reading from public.databasechangelog
2024-Mar-02 00:22:17 [main] INFO  l.l.StandardLockService                            - Successfully released change log lock
2024-Mar-02 00:22:17 [main] INFO  o.h.j.i.u.LogHelper                                - HHH000204: Processing PersistenceUnitInfo [name: default]
2024-Mar-02 00:22:17 [main] INFO  o.h.Version                                        - HHH000412: Hibernate ORM core version 5.4.29.Final
2024-Mar-02 00:22:18 [main] INFO  o.h.a.c.Version                                    - HCANN000001: Hibernate Commons Annotations {5.1.2.Final}
2024-Mar-02 00:22:18 [main] INFO  o.h.d.Dialect                                      - HHH000400: Using dialect: org.hibernate.dialect.PostgreSQL92Dialect
2024-Mar-02 00:22:20 [main] INFO  o.h.e.t.j.p.i.JtaPlatformInitiator                 - HHH000490: Using JtaPlatform implementation: [org.hibernate.engine.transaction.jta.platform.internal.NoJtaPlatform]
2024-Mar-02 00:22:20 [main] INFO  o.s.o.j.LocalContainerEntityManagerFactoryBean     - Initialized JPA EntityManagerFactory for persistence unit 'default'
2024-Mar-02 00:22:23 [main] WARN  o.s.b.a.o.j.JpaBaseConfiguration$JpaWebConfiguration - spring.jpa.open-in-view is enabled by default. Therefore, database queries may be performed during view rendering. Explicitly configure spring.jpa.open-in-view to disable this warning
2024-Mar-02 00:22:25 [main] INFO  o.s.s.c.ThreadPoolTaskExecutor                     - Initializing ExecutorService 'applicationTaskExecutor'
2024-Mar-02 00:22:26 [main] INFO  o.s.b.a.s.s.UserDetailsServiceAutoConfiguration    - 

Using generated security password: 23bd64e4-c866-42f4-9cd6-1a457667f373

2024-Mar-02 00:22:27 [main] INFO  o.s.s.w.DefaultSecurityFilterChain                 - Will secure RequestHeaderRequestMatcher [expectedHeaderName=Authorization, expectedHeaderValue=null] with [org.springframework.security.web.context.request.async.WebAsyncManagerIntegrationFilter@6b21a869, org.springframework.security.web.context.SecurityContextPersistenceFilter@5c9cc591, org.springframework.security.web.header.HeaderWriterFilter@2324100b, org.springframework.security.web.authentication.logout.LogoutFilter@6b5e1db0, org.springframework.security.oauth2.provider.authentication.OAuth2AuthenticationProcessingFilter@1597ed32, org.springframework.security.web.savedrequest.RequestCacheAwareFilter@3fb732ee, org.springframework.security.web.servletapi.SecurityContextHolderAwareRequestFilter@1ebe17c9, org.springframework.security.web.authentication.AnonymousAuthenticationFilter@2e40d8f9, org.springframework.security.web.session.SessionManagementFilter@32c77e0d, org.springframework.security.web.access.ExceptionTranslationFilter@a55ed01, org.springframework.security.web.access.intercept.FilterSecurityInterceptor@6304ff53]
2024-Mar-02 00:22:27 [main] INFO  o.s.s.w.DefaultSecurityFilterChain                 - Will secure Ant [pattern='/**'] with [org.springframework.security.web.context.request.async.WebAsyncManagerIntegrationFilter@17dee9f9, org.springframework.security.web.context.SecurityContextPersistenceFilter@331d7260, org.springframework.security.web.header.HeaderWriterFilter@6d618003, org.springframework.security.web.csrf.CsrfFilter@4a74e70d, org.springframework.security.web.authentication.logout.LogoutFilter@4219e848, org.springframework.security.oauth2.client.filter.OAuth2ClientAuthenticationProcessingFilter@61140895, org.springframework.security.web.savedrequest.RequestCacheAwareFilter@6086ba82, org.springframework.security.web.servletapi.SecurityContextHolderAwareRequestFilter@1065f09, org.springframework.security.web.authentication.AnonymousAuthenticationFilter@2d6b53a3, org.springframework.security.web.session.SessionManagementFilter@3030a20, org.springframework.security.web.access.ExceptionTranslationFilter@36bcae97, org.springframework.security.web.access.intercept.FilterSecurityInterceptor@4b10e470]
2024-Mar-02 00:22:27 [main] INFO  o.a.c.h.Http11NioProtocol                          - Starting ProtocolHandler ["http-nio-8080"]
2024-Mar-02 00:22:27 [main] INFO  o.s.b.w.e.t.TomcatWebServer                        - Tomcat started on port(s): 8080 (http) with context path ''
2024-Mar-02 00:22:27 [main] INFO  c.s.p.GgestionFormulaireApplication                - Started GgestionFormulaireApplication in 20.006 seconds (JVM running for 21.584)
2024-Mar-02 00:22:43 [http-nio-8080-exec-1] INFO  o.a.c.c.C.[.[.[/]                                  - Initializing Spring DispatcherServlet 'dispatcherServlet'
2024-Mar-02 00:22:43 [http-nio-8080-exec-1] INFO  o.s.w.s.DispatcherServlet                          - Initializing Servlet 'dispatcherServlet'
2024-Mar-02 00:22:43 [http-nio-8080-exec-1] DEBUG o.s.w.s.DispatcherServlet                          - Detected StandardServletMultipartResolver
2024-Mar-02 00:22:43 [http-nio-8080-exec-1] DEBUG o.s.w.s.DispatcherServlet                          - Detected AcceptHeaderLocaleResolver
2024-Mar-02 00:22:43 [http-nio-8080-exec-1] DEBUG o.s.w.s.DispatcherServlet                          - Detected FixedThemeResolver
2024-Mar-02 00:22:43 [http-nio-8080-exec-1] DEBUG o.s.w.s.DispatcherServlet                          - Detected org.springframework.web.servlet.view.DefaultRequestToViewNameTranslator@4022a256
2024-Mar-02 00:22:43 [http-nio-8080-exec-1] DEBUG o.s.w.s.DispatcherServlet                          - Detected org.springframework.web.servlet.support.SessionFlashMapManager@5c6eb961
2024-Mar-02 00:22:43 [http-nio-8080-exec-1] DEBUG o.s.w.s.DispatcherServlet                          - enableLoggingRequestDetails='false': request parameters and headers will be masked to prevent unsafe logging of potentially sensitive data
2024-Mar-02 00:22:43 [http-nio-8080-exec-1] INFO  o.s.w.s.DispatcherServlet                          - Completed initialization in 14 ms
2024-Mar-02 00:51:44 [SpringContextShutdownHook] INFO  o.s.s.c.ThreadPoolTaskExecutor                     - Shutting down ExecutorService 'applicationTaskExecutor'
2024-Mar-02 00:51:44 [SpringContextShutdownHook] INFO  o.s.o.j.LocalContainerEntityManagerFactoryBean     - Closing JPA EntityManagerFactory for persistence unit 'default'
2024-Mar-02 00:51:44 [SpringContextShutdownHook] INFO  c.z.h.HikariDataSource                             - HikariPool-1 - Shutdown initiated...
2024-Mar-02 00:51:44 [SpringContextShutdownHook] INFO  c.z.h.HikariDataSource                             - HikariPool-1 - Shutdown completed.
2024-Mar-02 00:51:52 [background-preinit] INFO  o.h.v.i.u.Version                                  - HV000001: Hibernate Validator 6.0.13.Final
2024-Mar-02 00:51:52 [main] INFO  c.s.p.GgestionFormulaireApplication                - Starting GgestionFormulaireApplication using Java 11.0.22 on rado-VirtualBox with PID 12860 (/home/rado/Desktop/PROJET-GESTION-FORMULAIRE/gestion_formulaire_backend/target/classes started by rado in /home/rado/Desktop/PROJET-GESTION-FORMULAIRE/gestion_formulaire_backend)
2024-Mar-02 00:51:52 [main] INFO  c.s.p.GgestionFormulaireApplication                - No active profile set, falling back to default profiles: default
2024-Mar-02 00:51:54 [main] INFO  o.s.d.r.c.RepositoryConfigurationDelegate          - Bootstrapping Spring Data JPA repositories in DEFAULT mode.
2024-Mar-02 00:51:54 [main] INFO  o.s.d.r.c.RepositoryConfigurationDelegate          - Finished Spring Data repository scanning in 290 ms. Found 8 JPA repository interfaces.
2024-Mar-02 00:51:55 [main] INFO  o.s.c.s.PostProcessorRegistrationDelegate$BeanPostProcessorChecker - Bean 'org.springframework.ws.config.annotation.DelegatingWsConfiguration' of type [org.springframework.ws.config.annotation.DelegatingWsConfiguration$$EnhancerBySpringCGLIB$$d31f8de2] is not eligible for getting processed by all BeanPostProcessors (for example: not eligible for auto-proxying)
2024-Mar-02 00:51:55 [main] INFO  o.s.w.s.a.s.AnnotationActionEndpointMapping        - Supporting [WS-Addressing August 2004, WS-Addressing 1.0]
2024-Mar-02 00:51:55 [main] INFO  o.s.c.s.PostProcessorRegistrationDelegate$BeanPostProcessorChecker - Bean 'org.springframework.security.access.expression.method.DefaultMethodSecurityExpressionHandler@47fcefb3' of type [org.springframework.security.oauth2.provider.expression.OAuth2MethodSecurityExpressionHandler] is not eligible for getting processed by all BeanPostProcessors (for example: not eligible for auto-proxying)
2024-Mar-02 00:51:55 [main] INFO  o.s.c.s.PostProcessorRegistrationDelegate$BeanPostProcessorChecker - Bean 'methodSecurityMetadataSource' of type [org.springframework.security.access.method.DelegatingMethodSecurityMetadataSource] is not eligible for getting processed by all BeanPostProcessors (for example: not eligible for auto-proxying)
2024-Mar-02 00:51:56 [main] INFO  o.s.b.w.e.t.TomcatWebServer                        - Tomcat initialized with port(s): 8080 (http)
2024-Mar-02 00:51:56 [main] INFO  o.a.c.h.Http11NioProtocol                          - Initializing ProtocolHandler ["http-nio-8080"]
2024-Mar-02 00:51:56 [main] INFO  o.a.c.c.StandardService                            - Starting service [Tomcat]
2024-Mar-02 00:51:56 [main] INFO  o.a.c.c.StandardEngine                             - Starting Servlet engine: [Apache Tomcat/9.0.44]
2024-Mar-02 00:51:56 [main] INFO  o.a.c.c.C.[.[.[/]                                  - Initializing Spring embedded WebApplicationContext
2024-Mar-02 00:51:56 [main] INFO  o.s.b.w.s.c.ServletWebServerApplicationContext     - Root WebApplicationContext: initialization completed in 3182 ms
2024-Mar-02 00:51:56 [main] INFO  c.z.h.HikariDataSource                             - HikariPool-1 - Starting...
2024-Mar-02 00:51:57 [main] INFO  c.z.h.HikariDataSource                             - HikariPool-1 - Start completed.
2024-Mar-02 00:52:01 [main] INFO  l.l.StandardLockService                            - Successfully acquired change log lock
2024-Mar-02 00:52:02 [main] INFO  l.c.StandardChangeLogHistoryService                - Reading from public.databasechangelog
2024-Mar-02 00:52:02 [main] INFO  l.l.StandardLockService                            - Successfully released change log lock
2024-Mar-02 00:52:02 [main] INFO  o.h.j.i.u.LogHelper                                - HHH000204: Processing PersistenceUnitInfo [name: default]
2024-Mar-02 00:52:02 [main] INFO  o.h.Version                                        - HHH000412: Hibernate ORM core version 5.4.29.Final
2024-Mar-02 00:52:02 [main] INFO  o.h.a.c.Version                                    - HCANN000001: Hibernate Commons Annotations {5.1.2.Final}
2024-Mar-02 00:52:02 [main] INFO  o.h.d.Dialect                                      - HHH000400: Using dialect: org.hibernate.dialect.PostgreSQL92Dialect
2024-Mar-02 00:52:03 [main] INFO  o.h.e.t.j.p.i.JtaPlatformInitiator                 - HHH000490: Using JtaPlatform implementation: [org.hibernate.engine.transaction.jta.platform.internal.NoJtaPlatform]
2024-Mar-02 00:52:03 [main] INFO  o.s.o.j.LocalContainerEntityManagerFactoryBean     - Initialized JPA EntityManagerFactory for persistence unit 'default'
2024-Mar-02 00:52:04 [main] WARN  o.s.b.a.o.j.JpaBaseConfiguration$JpaWebConfiguration - spring.jpa.open-in-view is enabled by default. Therefore, database queries may be performed during view rendering. Explicitly configure spring.jpa.open-in-view to disable this warning
2024-Mar-02 00:52:04 [main] INFO  o.s.s.c.ThreadPoolTaskExecutor                     - Initializing ExecutorService 'applicationTaskExecutor'
2024-Mar-02 00:52:04 [main] INFO  o.s.b.a.s.s.UserDetailsServiceAutoConfiguration    - 

Using generated security password: 7d8b316e-ec7f-458e-bac6-3268b39e18cd

2024-Mar-02 00:52:05 [main] INFO  o.s.s.w.DefaultSecurityFilterChain                 - Will secure RequestHeaderRequestMatcher [expectedHeaderName=Authorization, expectedHeaderValue=null] with [org.springframework.security.web.context.request.async.WebAsyncManagerIntegrationFilter@7f096ea0, org.springframework.security.web.context.SecurityContextPersistenceFilter@4d4c0408, org.springframework.security.web.header.HeaderWriterFilter@1ebe17c9, org.springframework.security.web.authentication.logout.LogoutFilter@1006fe59, org.springframework.security.oauth2.provider.authentication.OAuth2AuthenticationProcessingFilter@473c1e53, org.springframework.security.web.savedrequest.RequestCacheAwareFilter@2ee17b74, org.springframework.security.web.servletapi.SecurityContextHolderAwareRequestFilter@23b824b3, org.springframework.security.web.authentication.AnonymousAuthenticationFilter@4fbdd61f, org.springframework.security.web.session.SessionManagementFilter@1045fe3b, org.springframework.security.web.access.ExceptionTranslationFilter@7d4f7aab, org.springframework.security.web.access.intercept.FilterSecurityInterceptor@4a4cdeb0]
2024-Mar-02 00:52:05 [main] INFO  o.s.s.w.DefaultSecurityFilterChain                 - Will secure Ant [pattern='/**'] with [org.springframework.security.web.context.request.async.WebAsyncManagerIntegrationFilter@13106eec, org.springframework.security.web.context.SecurityContextPersistenceFilter@61140895, org.springframework.security.web.header.HeaderWriterFilter@2c283221, org.springframework.security.web.csrf.CsrfFilter@4219e848, org.springframework.security.web.authentication.logout.LogoutFilter@61df99e6, org.springframework.security.oauth2.client.filter.OAuth2ClientAuthenticationProcessingFilter@4e0e9fc1, org.springframework.security.web.savedrequest.RequestCacheAwareFilter@2d6b53a3, org.springframework.security.web.servletapi.SecurityContextHolderAwareRequestFilter@40bfd515, org.springframework.security.web.authentication.AnonymousAuthenticationFilter@63dc973e, org.springframework.security.web.session.SessionManagementFilter@17dee9f9, org.springframework.security.web.access.ExceptionTranslationFilter@4b10e470, org.springframework.security.web.access.intercept.FilterSecurityInterceptor@66896ed0]
2024-Mar-02 00:52:05 [main] INFO  o.a.c.h.Http11NioProtocol                          - Starting ProtocolHandler ["http-nio-8080"]
2024-Mar-02 00:52:05 [main] INFO  o.s.b.w.e.t.TomcatWebServer                        - Tomcat started on port(s): 8080 (http) with context path ''
2024-Mar-02 00:52:05 [main] INFO  c.s.p.GgestionFormulaireApplication                - Started GgestionFormulaireApplication in 13.789 seconds (JVM running for 15.515)
2024-Mar-02 00:54:48 [http-nio-8080-exec-1] INFO  o.a.c.c.C.[.[.[/]                                  - Initializing Spring DispatcherServlet 'dispatcherServlet'
2024-Mar-02 00:54:48 [http-nio-8080-exec-1] INFO  o.s.w.s.DispatcherServlet                          - Initializing Servlet 'dispatcherServlet'
2024-Mar-02 00:54:48 [http-nio-8080-exec-1] DEBUG o.s.w.s.DispatcherServlet                          - Detected StandardServletMultipartResolver
2024-Mar-02 00:54:48 [http-nio-8080-exec-1] DEBUG o.s.w.s.DispatcherServlet                          - Detected AcceptHeaderLocaleResolver
2024-Mar-02 00:54:48 [http-nio-8080-exec-1] DEBUG o.s.w.s.DispatcherServlet                          - Detected FixedThemeResolver
2024-Mar-02 00:54:48 [http-nio-8080-exec-1] DEBUG o.s.w.s.DispatcherServlet                          - Detected org.springframework.web.servlet.view.DefaultRequestToViewNameTranslator@78e547aa
2024-Mar-02 00:54:48 [http-nio-8080-exec-1] DEBUG o.s.w.s.DispatcherServlet                          - Detected org.springframework.web.servlet.support.SessionFlashMapManager@30081ff4
2024-Mar-02 00:54:48 [http-nio-8080-exec-1] DEBUG o.s.w.s.DispatcherServlet                          - enableLoggingRequestDetails='false': request parameters and headers will be masked to prevent unsafe logging of potentially sensitive data
2024-Mar-02 00:54:48 [http-nio-8080-exec-1] INFO  o.s.w.s.DispatcherServlet                          - Completed initialization in 4 ms
